<?xml version="1.0" encoding="UTF-8"?>
<testng-results skipped="0" failed="0" ignored="0" total="1" passed="1">
  <reporter-output>
  </reporter-output>
  <suite name="Suite" duration-ms="24975" started-at="2019-09-19T09:03:25Z" finished-at="2019-09-19T09:03:50Z">
    <groups>
    </groups>
    <test name="Test" duration-ms="24975" started-at="2019-09-19T09:03:25Z" finished-at="2019-09-19T09:03:50Z">
      <class name="com.sofq.Utilities.Create_TestNGXML">
        <test-method status="PASS" signature="createXMLfile()[pri:0, instance:com.sofq.Utilities.Create_TestNGXML@6ea12c19]" name="createXMLfile" duration-ms="24950" started-at="2019-09-19T14:33:25Z" finished-at="2019-09-19T14:33:50Z">
          <reporter-output>
          </reporter-output>
        </test-method> <!-- createXMLfile -->
      </class> <!-- com.sofq.Utilities.Create_TestNGXML -->
    </test> <!-- Test -->
  </suite> <!-- Suite -->
</testng-results>
