<?xml version="1.0" encoding="UTF-8"?>
<testng-results skipped="0" failed="0" ignored="0" total="1" passed="1">
  <reporter-output>
  </reporter-output>
  <suite name="Suite" duration-ms="38757" started-at="2020-03-14T13:15:43Z" finished-at="2020-03-14T13:16:22Z">
    <groups>
    </groups>
    <test name="Test" duration-ms="38757" started-at="2020-03-14T13:15:43Z" finished-at="2020-03-14T13:16:22Z">
      <class name="com.facebook.Utilities.Create_TestNGXML">
        <test-method status="PASS" signature="createXMLfile()[pri:0, instance:com.facebook.Utilities.Create_TestNGXML@146ba0ac]" name="createXMLfile" duration-ms="38716" started-at="2020-03-14T18:45:43Z" finished-at="2020-03-14T18:46:22Z">
          <reporter-output>
          </reporter-output>
        </test-method> <!-- createXMLfile -->
      </class> <!-- com.facebook.Utilities.Create_TestNGXML -->
    </test> <!-- Test -->
  </suite> <!-- Suite -->
</testng-results>
